<?xml version="1.0" encoding="UTF-8" standalone="yes" ?>
<test-results name="C:\projects.git\exercism.projects\Delphi\wordy\Wordy.exe" total="16" errors="0" failures="0" ignored="0" inconclusive="0" not-run="0" skipped="0" invalid="0" date="2017-11-23" time="0.125">
  <culture-info current-culture="en" current-uiculture="en" />
  <test-suite type="Assembly" name="Wordy.exe" executed="true" result="Success" success="True" time="0.125" asserts="0">
    <results>
        <test-suite type="Namespace" name="uWordyTests" executed="true" result="Success" success="True" time="0.124" asserts="0" >
          <results>
              <test-suite type="Fixture" name="WordyTests" executed="True" result="Success" success="True" time="0.124" >
                <results>
                  <test-case name="Addition.addition" executed="True" result="Success" success="True" time="0.000" asserts="0" />
                  <test-case name="More_Addition.more addition" executed="True" result="Success" success="True" time="0.000" asserts="0" />
                  <test-case name="Addition_with_negative_numbers.addition with negative numbers" executed="True" result="Success" success="True" time="0.000" asserts="0" />
                  <test-case name="Large_addition.large addition" executed="True" result="Success" success="True" time="0.000" asserts="0" />
                  <test-case name="Subtraction.subtraction" executed="True" result="Success" success="True" time="0.000" asserts="0" />
                  <test-case name="Multiplication.multiplication" executed="True" result="Success" success="True" time="0.000" asserts="0" />
                  <test-case name="Division.division" executed="True" result="Success" success="True" time="0.000" asserts="0" />
                  <test-case name="Multiple_additions.multiple additions" executed="True" result="Success" success="True" time="0.000" asserts="0" />
                  <test-case name="Addition_and_subtraction.addition and subtraction" executed="True" result="Success" success="True" time="0.000" asserts="0" />
                  <test-case name="Multiple_subtraction.multiple subtraction" executed="True" result="Success" success="True" time="0.000" asserts="0" />
                  <test-case name="Subtraction_then_addition.subtraction then addition" executed="True" result="Success" success="True" time="0.000" asserts="0" />
                  <test-case name="Multiple_multiplication.multiple multiplication" executed="True" result="Success" success="True" time="0.000" asserts="0" />
                  <test-case name="Addition_and_multiplication.addition and multiplication" executed="True" result="Success" success="True" time="0.000" asserts="0" />
                  <test-case name="Multiple_division.multiple division" executed="True" result="Success" success="True" time="0.000" asserts="0" />
                  <test-case name="Unknown_operation.unknown operation" executed="True" result="Success" success="True" time="0.107" asserts="0" />
                  <test-case name="Non_math_question.Non math question" executed="True" result="Success" success="True" time="0.009" asserts="0" />
                </results>
              </test-suite>
          </results>
        </test-suite>
    </results>
  </test-suite>
</test-results>
