<?xml version="1.0" encoding="UTF-8" standalone="yes" ?>
<test-results name="D:\projects.git\My-Exercism-Solutions\delphi\darts\Darts.exe" total="5" errors="0" failures="0" ignored="0" inconclusive="0" not-run="0" skipped="0" invalid="0" date="2019-03-26" time="0.002">
  <culture-info current-culture="en" current-uiculture="en" />
  <test-suite type="Assembly" name="Darts.exe" executed="true" result="Success" success="True" time="0.002" asserts="0">
    <results>
        <test-suite type="Namespace" name="uDartsTest" executed="true" result="Success" success="True" time="0.001" asserts="0" >
          <results>
              <test-suite type="Fixture" name="TDartsTest" executed="True" result="Success" success="True" time="0.001" >
                <results>
                  <test-case name="A_dart_lands_outside_the_target" executed="True" result="Success" success="True" time="0.000" asserts="0" />
                  <test-case name="A_dart_lands_just_in_the_border_of_the_target" executed="True" result="Success" success="True" time="0.000" asserts="0" />
                  <test-case name="A_dart_lands_in_the_middle_circle" executed="True" result="Success" success="True" time="0.000" asserts="0" />
                  <test-case name="A_dart_lands_right_in_the_border_between_outside_and_middle_circles" executed="True" result="Success" success="True" time="0.000" asserts="0" />
                  <test-case name="A_dart_lands_in_the_inner_circle" executed="True" result="Success" success="True" time="0.000" asserts="0" />
                </results>
              </test-suite>
          </results>
        </test-suite>
    </results>
  </test-suite>
</test-results>
