<?xml version="1.0" encoding="UTF-8" standalone="yes" ?>
<test-results name="C:\projects.git\exercism.projects\Delphi\beer-song\BeerSong.exe" total="8" errors="0" failures="0" ignored="0" inconclusive="0" not-run="0" skipped="0" invalid="0" date="2017-11-08" time="0.001">
  <culture-info current-culture="en" current-uiculture="en" />
  <test-suite type="Assembly" name="BeerSong.exe" executed="true" result="Success" success="True" time="0.001" asserts="0">
    <results>
        <test-suite type="Namespace" name="uBeerSongTests" executed="true" result="Success" success="True" time="0.001" asserts="0" >
          <results>
              <test-suite type="Fixture" name="MultipleVersesTests" executed="True" result="Success" success="True" time="0.001" >
                <results>
                  <test-case name="first_two_verses.first two verses" executed="True" result="Success" success="True" time="0.000" asserts="0" />
                  <test-case name="last_three_verses.last three verses" executed="True" result="Success" success="True" time="0.000" asserts="0" />
                  <test-case name="all_verses.all verses" executed="True" result="Success" success="True" time="0.000" asserts="0" />
                </results>
              </test-suite>
          </results>
        </test-suite>
        <test-suite type="Fixture" name="single verse" executed="True" result="Success" success="True" time="0.000" >
          <results>
            <test-case name="first_generic_verse.single verse" executed="True" result="Success" success="True" time="0.000" asserts="0" />
            <test-case name="last_generic_verse.last generic verse" executed="True" result="Success" success="True" time="0.000" asserts="0" />
            <test-case name="verse_with_2_bottles.verse with 2 bottles" executed="True" result="Success" success="True" time="0.000" asserts="0" />
            <test-case name="verse_with_1_bottle.verse with 1 bottle" executed="True" result="Success" success="True" time="0.000" asserts="0" />
            <test-case name="verse_with_0_bottles.verse with 0 bottles" executed="True" result="Success" success="True" time="0.000" asserts="0" />
          </results>
        </test-suite>
    </results>
  </test-suite>
</test-results>
