<?xml version="1.0" encoding="UTF-8" standalone="yes" ?>
<test-results name="C:\projects.git\exercism.projects\Delphi\reverse-string\ReverseString.exe" total="5" errors="0" failures="0" ignored="0" inconclusive="0" not-run="0" skipped="0" invalid="0" date="2017-11-23" time="0.005">
  <culture-info current-culture="en" current-uiculture="en" />
  <test-suite type="Assembly" name="ReverseString.exe" executed="true" result="Success" success="True" time="0.005" asserts="0">
    <results>
        <test-suite type="Namespace" name="uReverseStringTests" executed="true" result="Success" success="True" time="0.004" asserts="0" >
          <results>
              <test-suite type="Fixture" name="ReverseStringTest" executed="True" result="Success" success="True" time="0.004" >
                <results>
                  <test-case name="an_empty_string" executed="True" result="Success" success="True" time="0.000" asserts="0" />
                  <test-case name="a_word" executed="True" result="Success" success="True" time="0.000" asserts="0" />
                  <test-case name="a_capitalized_word" executed="True" result="Success" success="True" time="0.000" asserts="0" />
                  <test-case name="a_sentence_with_punctuation" executed="True" result="Success" success="True" time="0.000" asserts="0" />
                  <test-case name="a_palindrome" executed="True" result="Success" success="True" time="0.000" asserts="0" />
                </results>
              </test-suite>
          </results>
        </test-suite>
    </results>
  </test-suite>
</test-results>
