<?xml version="1.0" encoding="UTF-8" standalone="yes" ?>
<test-results name="C:\projects.git\exercism.projects\delphi\rna-transcription\RnaTranscription.exe" total="8" errors="0" failures="0" ignored="0" inconclusive="0" not-run="0" skipped="0" invalid="0" date="2017-04-08" time="5.671">
  <culture-info current-culture="en" current-uiculture="en" />
  <test-suite type="Assembly" name="RnaTranscription.exe" executed="true" result="Success" success="True" time="5.671" asserts="0">
    <results>
        <test-suite type="Namespace" name="uTestRnaTranscription" executed="true" result="Success" success="True" time="5.671" asserts="0" >
          <results>
              <test-suite type="Fixture" name="RnaTranscriptionTest" executed="True" result="Success" success="True" time="5.671" >
                <results>
                  <test-case name="Rna_complement_of_cytosine_is_guanine" executed="True" result="Success" success="True" time="5.670" asserts="0" />
                  <test-case name="Rna_complement_of_guanine_is_cytosine" executed="True" result="Success" success="True" time="0.000" asserts="0" />
                  <test-case name="Rna_complement_of_thymine_is_adenine" executed="True" result="Success" success="True" time="0.000" asserts="0" />
                  <test-case name="Rna_complement_of_adenine_is_uracil" executed="True" result="Success" success="True" time="0.000" asserts="0" />
                  <test-case name="Rna_complement" executed="True" result="Success" success="True" time="0.000" asserts="0" />
                  <test-case name="Dna_correctly_handles_invalid_input" executed="True" result="Success" success="True" time="0.000" asserts="0" />
                  <test-case name="Dna_correctly_handles_completely_invalid_input" executed="True" result="Success" success="True" time="0.000" asserts="0" />
                  <test-case name="Dna_correctly_handles_partially_invalid_input" executed="True" result="Success" success="True" time="0.000" asserts="0" />
                </results>
              </test-suite>
          </results>
        </test-suite>
    </results>
  </test-suite>
</test-results>
