<?xml version="1.0" encoding="UTF-8" standalone="yes" ?>
<test-results name="C:\projects.git\exercism.projects\delphi\nucleotide-count\NucleotideCount.exe" total="9" errors="0" failures="0" ignored="0" inconclusive="0" not-run="0" skipped="0" invalid="0" date="2017-04-08" time="6.192">
  <culture-info current-culture="en" current-uiculture="en" />
  <test-suite type="Assembly" name="NucleotideCount.exe" executed="true" result="Success" success="True" time="6.192" asserts="0">
    <results>
        <test-suite type="Namespace" name="uNucleotideCountTest" executed="true" result="Success" success="True" time="6.192" asserts="0" >
          <results>
              <test-suite type="Fixture" name="NucleoTideCountTest" executed="True" result="Success" success="True" time="6.192" >
                <results>
                  <test-case name="Validate_CompareDictionaries" executed="True" result="Success" success="True" time="0.000" asserts="0" />
                  <test-case name="Has_no_nucleotides" executed="True" result="Success" success="True" time="0.000" asserts="0" />
                  <test-case name="Has_no_adenosine" executed="True" result="Success" success="True" time="0.000" asserts="0" />
                  <test-case name="Repetitive_cytidine_gets_counts" executed="True" result="Success" success="True" time="0.000" asserts="0" />
                  <test-case name="Repetitive_sequence_has_only_guanosine" executed="True" result="Success" success="True" time="0.000" asserts="0" />
                  <test-case name="Counts_only_thymidine" executed="True" result="Success" success="True" time="0.000" asserts="0" />
                  <test-case name="Counts_a_nucleotide_only_once" executed="True" result="Success" success="True" time="0.000" asserts="0" />
                  <test-case name="Validates_nucleotides" executed="True" result="Success" success="True" time="6.190" asserts="0" />
                  <test-case name="Counts_all_nucleotides" executed="True" result="Success" success="True" time="0.000" asserts="0" />
                </results>
              </test-suite>
          </results>
        </test-suite>
    </results>
  </test-suite>
</test-results>
