<?xml version="1.0" encoding="UTF-8" standalone="yes" ?>
<test-results name="C:\projects.git\My-Exercism-Solutions\delphi\proverb\Proverb.exe" total="6" errors="0" failures="0" ignored="0" inconclusive="0" not-run="0" skipped="0" invalid="0" date="2018-05-29" time="0.001">
  <culture-info current-culture="en" current-uiculture="en" />
  <test-suite type="Assembly" name="Proverb.exe" executed="true" result="Success" success="True" time="0.001" asserts="0">
    <results>
        <test-suite type="Namespace" name="uProverbTests" executed="true" result="Success" success="True" time="0.001" asserts="0" >
          <results>
              <test-suite type="Fixture" name="ProverbTest" executed="True" result="Success" success="True" time="0.001" >
                <results>
                  <test-case name="zero_pieces" executed="True" result="Success" success="True" time="0.000" asserts="0" />
                  <test-case name="one_piece" executed="True" result="Success" success="True" time="0.000" asserts="0" />
                  <test-case name="two_pieces" executed="True" result="Success" success="True" time="0.000" asserts="0" />
                  <test-case name="three_pieces" executed="True" result="Success" success="True" time="0.000" asserts="0" />
                  <test-case name="full_proverb" executed="True" result="Success" success="True" time="0.000" asserts="0" />
                  <test-case name="four_pieces_modernized" executed="True" result="Success" success="True" time="0.000" asserts="0" />
                </results>
              </test-suite>
          </results>
        </test-suite>
    </results>
  </test-suite>
</test-results>
