<?xml version="1.0" encoding="UTF-8" standalone="yes" ?>
<test-results name="D:\projects.git\My-Exercism-Solutions\delphi\poker\Poker.exe" total="28" errors="0" failures="0" ignored="0" inconclusive="0" not-run="0" skipped="0" invalid="0" date="2018-03-05" time="0.007">
  <culture-info current-culture="en" current-uiculture="en" />
  <test-suite type="Assembly" name="Poker.exe" executed="true" result="Success" success="True" time="0.007" asserts="0">
    <results>
        <test-suite type="Namespace" name="uPokerTest" executed="true" result="Success" success="True" time="0.007" asserts="0" >
          <results>
              <test-suite type="Fixture" name="PokerTest" executed="True" result="Success" success="True" time="0.007" >
                <results>
                  <test-case name="Single_hand_always_wins" executed="True" result="Success" success="True" time="0.000" asserts="0" />
                  <test-case name="Highest_card_out_of_all_hands_wins" executed="True" result="Success" success="True" time="0.000" asserts="0" />
                  <test-case name="A_tie_has_multiple_winners" executed="True" result="Success" success="True" time="0.000" asserts="0" />
                  <test-case name="Multiple_hands_with_the_same_high_cards_tie_compares_next_highest_ranked_down_to_last_card" executed="True" result="Success" success="True" time="0.000" asserts="0" />
                  <test-case name="One_pair_beats_high_card" executed="True" result="Success" success="True" time="0.000" asserts="0" />
                  <test-case name="Highest_pair_wins" executed="True" result="Success" success="True" time="0.000" asserts="0" />
                  <test-case name="Two_pairs_beats_one_pair" executed="True" result="Success" success="True" time="0.000" asserts="0" />
                  <test-case name="Both_hands_have_two_pairs_highest_ranked_pair_wins" executed="True" result="Success" success="True" time="0.000" asserts="0" />
                  <test-case name="Both_hands_have_two_pairs_with_the_same_highest_ranked_pair_tie_goes_to_low_pair" executed="True" result="Success" success="True" time="0.001" asserts="0" />
                  <test-case name="Both_hands_have_two_identically_ranked_pairs_tie_goes_to_remaining_card_kicker" executed="True" result="Success" success="True" time="0.000" asserts="0" />
                  <test-case name="Three_of_a_kind_beats_two_pair" executed="True" result="Success" success="True" time="0.000" asserts="0" />
                  <test-case name="Both_hands_have_three_of_a_kind_tie_goes_to_highest_ranked_triplet" executed="True" result="Success" success="True" time="0.000" asserts="0" />
                  <test-case name="With_multiple_decks_two_players_can_have_same_three_of_a_kind_ties_go_to_highest_remaining_cards" executed="True" result="Success" success="True" time="0.000" asserts="0" />
                  <test-case name="A_straight_beats_three_of_a_kind" executed="True" result="Success" success="True" time="0.000" asserts="0" />
                  <test-case name="Aces_can_end_a_straight_10_J_Q_K_A" executed="True" result="Success" success="True" time="0.001" asserts="0" />
                  <test-case name="Aces_can_start_a_straight_A_2_3_4_5" executed="True" result="Success" success="True" time="0.000" asserts="0" />
                  <test-case name="Both_hands_with_a_straight_tie_goes_to_highest_ranked_card" executed="True" result="Success" success="True" time="0.000" asserts="0" />
                  <test-case name="Even_though_an_ace_is_usually_high_a_5_high_straight_is_the_lowest_scoring_straight" executed="True" result="Success" success="True" time="0.000" asserts="0" />
                  <test-case name="Flush_beats_a_straight" executed="True" result="Success" success="True" time="0.000" asserts="0" />
                  <test-case name="Both_hands_have_a_flush_tie_goes_to_high_card_down_to_the_last_one_if_necessary" executed="True" result="Success" success="True" time="0.000" asserts="0" />
                  <test-case name="Full_house_beats_a_flush" executed="True" result="Success" success="True" time="0.000" asserts="0" />
                  <test-case name="Both_hands_have_a_full_house_tie_goes_to_highest_ranked_triplet" executed="True" result="Success" success="True" time="0.000" asserts="0" />
                  <test-case name="With_multiple_decks_both_hands_have_a_full_house_with_the_same_triplet_tie_goes_to_the_pair" executed="True" result="Success" success="True" time="0.000" asserts="0" />
                  <test-case name="Four_of_a_kind_beats_a_full_house" executed="True" result="Success" success="True" time="0.000" asserts="0" />
                  <test-case name="Both_hands_have_four_of_a_kind_tie_goes_to_high_quad" executed="True" result="Success" success="True" time="0.000" asserts="0" />
                  <test-case name="With_multiple_decks_both_hands_with_identical_four_of_a_kind_tie_determined_by_kicker" executed="True" result="Success" success="True" time="0.000" asserts="0" />
                  <test-case name="Straight_flush_beats_four_of_a_kind" executed="True" result="Success" success="True" time="0.000" asserts="0" />
                  <test-case name="Both_hands_have_straight_flush_tie_goes_to_highest_ranked_card" executed="True" result="Success" success="True" time="0.000" asserts="0" />
                </results>
              </test-suite>
          </results>
        </test-suite>
    </results>
  </test-suite>
</test-results>
