<?xml version="1.0" encoding="UTF-8" standalone="yes" ?>
<test-results name="D:\projects.git\My-Exercism-Solutions\delphi\allergies\Allergies.exe" total="12" errors="0" failures="0" ignored="0" inconclusive="0" not-run="0" skipped="0" invalid="0" date="2018-03-05" time="0.002">
  <culture-info current-culture="en" current-uiculture="en" />
  <test-suite type="Assembly" name="Allergies.exe" executed="true" result="Success" success="True" time="0.002" asserts="0">
    <results>
        <test-suite type="Namespace" name="uAllergyTests" executed="true" result="Success" success="True" time="0.002" asserts="0" >
          <results>
              <test-suite type="Fixture" name="AllergyTests" executed="True" result="Success" success="True" time="0.002" >
                <results>
                  <test-case name="No_allergies_means_not_allergic" executed="True" result="Success" success="True" time="0.000" asserts="0" />
                  <test-case name="Allergic_to_eggs" executed="True" result="Success" success="True" time="0.000" asserts="0" />
                  <test-case name="Allergic_to_eggs_in_addition_to_other_stuff" executed="True" result="Success" success="True" time="0.000" asserts="0" />
                  <test-case name="No_allergies_at_all" executed="True" result="Success" success="True" time="0.000" asserts="0" />
                  <test-case name="Allergic_to_just_eggs" executed="True" result="Success" success="True" time="0.000" asserts="0" />
                  <test-case name="Allergic_to_just_peanuts" executed="True" result="Success" success="True" time="0.000" asserts="0" />
                  <test-case name="Allergic_to_just_strawberries" executed="True" result="Success" success="True" time="0.000" asserts="0" />
                  <test-case name="Allergic_to_eggs_and_peanuts" executed="True" result="Success" success="True" time="0.000" asserts="0" />
                  <test-case name="Allergic_to_more_than_eggs_but_not_peanuts" executed="True" result="Success" success="True" time="0.000" asserts="0" />
                  <test-case name="Allergic_to_lots_of_stuff" executed="True" result="Success" success="True" time="0.000" asserts="0" />
                  <test-case name="Allergic_to_everything" executed="True" result="Success" success="True" time="0.000" asserts="0" />
                  <test-case name="Ignore_non_allergen_score_parts" executed="True" result="Success" success="True" time="0.000" asserts="0" />
                </results>
              </test-suite>
          </results>
        </test-suite>
    </results>
  </test-suite>
</test-results>
