<?xml version="1.0" encoding="UTF-8" standalone="yes" ?>
<test-results name="C:\projects.git\exercism.projects\delphi\beer-song\BeerSong.exe" total="7" errors="0" failures="0" ignored="0" inconclusive="0" not-run="0" skipped="0" invalid="0" date="2017-04-08" time="0.001">
  <culture-info current-culture="en" current-uiculture="en" />
  <test-suite type="Assembly" name="BeerSong.exe" executed="true" result="Success" success="True" time="0.001" asserts="0">
    <results>
        <test-suite type="Namespace" name="uBeerSongTests" executed="true" result="Success" success="True" time="0.001" asserts="0" >
          <results>
              <test-suite type="Fixture" name="LyricsTests" executed="True" result="Success" success="True" time="0.001" >
                <results>
                  <test-case name="Last_4_verses" executed="True" result="Success" success="True" time="0.000" asserts="0" />
                  <test-case name="All_verses" executed="True" result="Success" success="True" time="0.000" asserts="0" />
                </results>
              </test-suite>
          </results>
        </test-suite>
        <test-suite type="Fixture" name="Return 1 verse" executed="True" result="Success" success="True" time="0.000" >
          <results>
            <test-case name="First_verse" executed="True" result="Success" success="True" time="0.000" asserts="0" />
            <test-case name="Middle_verse" executed="True" result="Success" success="True" time="0.000" asserts="0" />
            <test-case name="Third_to_last_verse" executed="True" result="Success" success="True" time="0.000" asserts="0" />
            <test-case name="Penultimate_verse" executed="True" result="Success" success="True" time="0.000" asserts="0" />
            <test-case name="Last_verse" executed="True" result="Success" success="True" time="0.000" asserts="0" />
          </results>
        </test-suite>
    </results>
  </test-suite>
</test-results>
