<?xml version="1.0" encoding="UTF-8" standalone="yes" ?>
<test-results name="D:\projects.git\My-Exercism-Solutions\delphi\acronym\Acronym.exe" total="8" errors="0" failures="0" ignored="0" inconclusive="0" not-run="0" skipped="0" invalid="0" date="2019-01-05" time="0.002">
  <culture-info current-culture="en" current-uiculture="en" />
  <test-suite type="Assembly" name="Acronym.exe" executed="true" result="Success" success="True" time="0.002" asserts="0">
    <results>
        <test-suite type="Namespace" name="uAcronymTests" executed="true" result="Success" success="True" time="0.002" asserts="0" >
          <results>
              <test-suite type="Fixture" name="Abbreviate a phrase" executed="True" result="Success" success="True" time="0.002" >
                <results>
                  <test-case name="basic" executed="True" result="Success" success="True" time="0.000" asserts="0" />
                  <test-case name="lowercase_words" executed="True" result="Success" success="True" time="0.000" asserts="0" />
                  <test-case name="punctuation" executed="True" result="Success" success="True" time="0.000" asserts="0" />
                  <test-case name="all_caps_word" executed="True" result="Success" success="True" time="0.000" asserts="0" />
                  <test-case name="punctuation_without_whitespace" executed="True" result="Success" success="True" time="0.000" asserts="0" />
                  <test-case name="very_long_abbreviation" executed="True" result="Success" success="True" time="0.000" asserts="0" />
                  <test-case name="consecutive_delimiters" executed="True" result="Success" success="True" time="0.000" asserts="0" />
                  <test-case name="apostrophes" executed="True" result="Success" success="True" time="0.000" asserts="0" />
                </results>
              </test-suite>
          </results>
        </test-suite>
    </results>
  </test-suite>
</test-results>
