<?xml version="1.0" encoding="UTF-8" standalone="yes" ?>
<test-results name="C:\projects.git\exercism.projects\delphi\binary-search\BinarySearch.exe" total="9" errors="0" failures="0" ignored="0" inconclusive="0" not-run="0" skipped="0" invalid="0" date="2017-04-08" time="0.002">
  <culture-info current-culture="en" current-uiculture="en" />
  <test-suite type="Assembly" name="BinarySearch.exe" executed="true" result="Success" success="True" time="0.002" asserts="0">
    <results>
        <test-suite type="Namespace" name="uBinarySearchTest" executed="true" result="Success" success="True" time="0.001" asserts="0" >
          <results>
              <test-suite type="Fixture" name="TBinarySearchTest" executed="True" result="Success" success="True" time="0.001" >
                <results>
                  <test-case name="Should_return_minus_one_when_an_empty_array_is_searched" executed="True" result="Success" success="True" time="0.000" asserts="0" />
                  <test-case name="Should_be_able_to_find_a_value_in_a_single_element_array_with_one_access" executed="True" result="Success" success="True" time="0.000" asserts="0" />
                  <test-case name="Should_return_minus_one_if_a_value_is_less_than_the_element_in_a_single_element_array" executed="True" result="Success" success="True" time="0.000" asserts="0" />
                  <test-case name="Should_return_minus_one_if_a_value_is_greater_than_the_element_in_a_single_element_array" executed="True" result="Success" success="True" time="0.000" asserts="0" />
                  <test-case name="Should_find_an_element_in_a_longer_array" executed="True" result="Success" success="True" time="0.000" asserts="0" />
                  <test-case name="Should_find_elements_at_the_beginning_of_an_array" executed="True" result="Success" success="True" time="0.000" asserts="0" />
                  <test-case name="Should_find_elements_at_the_end_of_an_array" executed="True" result="Success" success="True" time="0.000" asserts="0" />
                  <test-case name="Should_return_minus_one_if_a_value_is_less_than_all_elements_in_a_long_array" executed="True" result="Success" success="True" time="0.000" asserts="0" />
                  <test-case name="Should_return_minus_one_if_a_value_is_greater_than_all_elements_in_a_long_array" executed="True" result="Success" success="True" time="0.000" asserts="0" />
                </results>
              </test-suite>
          </results>
        </test-suite>
    </results>
  </test-suite>
</test-results>
