<?xml version="1.0" encoding="UTF-8" standalone="yes" ?>
<test-results name="D:\projects.git\My-Exercism-Solutions\delphi\etl\ETL.exe" total="5" errors="0" failures="0" ignored="0" inconclusive="0" not-run="0" skipped="0" invalid="0" date="2018-03-05" time="0.002">
  <culture-info current-culture="en" current-uiculture="en" />
  <test-suite type="Assembly" name="ETL.exe" executed="true" result="Success" success="True" time="0.002" asserts="0">
    <results>
        <test-suite type="Namespace" name="uETLtests" executed="true" result="Success" success="True" time="0.001" asserts="0" >
          <results>
              <test-suite type="Fixture" name="testETL" executed="True" result="Success" success="True" time="0.001" >
                <results>
                  <test-case name="Validate_CompareDictionaries" executed="True" result="Success" success="True" time="0.000" asserts="0" />
                  <test-case name="A_single_letter" executed="True" result="Success" success="True" time="0.001" asserts="0" />
                  <test-case name="Single_score_with_multiple_letters" executed="True" result="Success" success="True" time="0.000" asserts="0" />
                  <test-case name="Multiple_scores_with_multiple_letters" executed="True" result="Success" success="True" time="0.000" asserts="0" />
                  <test-case name="Multiple_scores_with_differing_numbers_of_letters" executed="True" result="Success" success="True" time="0.000" asserts="0" />
                </results>
              </test-suite>
          </results>
        </test-suite>
    </results>
  </test-suite>
</test-results>
