<?xml version="1.0" encoding="UTF-8" standalone="yes" ?>
<test-results name="C:\projects.git\exercism.projects\delphi\clock\Clock.exe" total="15" errors="0" failures="0" ignored="0" inconclusive="0" not-run="0" skipped="0" invalid="0" date="2017-04-08" time="0.002">
  <culture-info current-culture="en" current-uiculture="en" />
  <test-suite type="Assembly" name="Clock.exe" executed="true" result="Success" success="True" time="0.002" asserts="0">
    <results>
        <test-suite type="Namespace" name="uClockTest" executed="true" result="Success" success="True" time="0.001" asserts="0" >
          <results>
              <test-suite type="Fixture" name="TClockTest" executed="True" result="Success" success="True" time="0.001" >
                <results>
                  <test-case name="Prints_the_hour_8" executed="True" result="Success" success="True" time="0.000" asserts="0" />
                  <test-case name="Prints_the_hour_9" executed="True" result="Success" success="True" time="0.000" asserts="0" />
                  <test-case name="Can_add_minutes" executed="True" result="Success" success="True" time="0.000" asserts="0" />
                  <test-case name="Can_add_over_an_hour" executed="True" result="Success" success="True" time="0.000" asserts="0" />
                  <test-case name="Can_add_over_more_than_one_day" executed="True" result="Success" success="True" time="0.000" asserts="0" />
                  <test-case name="Can_subtract_minutes" executed="True" result="Success" success="True" time="0.000" asserts="0" />
                  <test-case name="Can_subtract_to_previous_hour" executed="True" result="Success" success="True" time="0.000" asserts="0" />
                  <test-case name="Can_subtract_over_an_hour" executed="True" result="Success" success="True" time="0.000" asserts="0" />
                  <test-case name="Wraps_around_midnight" executed="True" result="Success" success="True" time="0.000" asserts="0" />
                  <test-case name="Wraps_around_midnight_backwards" executed="True" result="Success" success="True" time="0.000" asserts="0" />
                  <test-case name="Midnight_is_zero_hundred_hours" executed="True" result="Success" success="True" time="0.000" asserts="0" />
                  <test-case name="Sixty_minutes_is_next_hour" executed="True" result="Success" success="True" time="0.000" asserts="0" />
                  <test-case name="Clocks_with_same_time_are_equal" executed="True" result="Success" success="True" time="0.000" asserts="0" />
                  <test-case name="Clocks_with_different_time_are_not_equal" executed="True" result="Success" success="True" time="0.000" asserts="0" />
                  <test-case name="Overflown_clocks_with_same_time_are_equal" executed="True" result="Success" success="True" time="0.000" asserts="0" />
                </results>
              </test-suite>
          </results>
        </test-suite>
    </results>
  </test-suite>
</test-results>
