<?xml version="1.0" encoding="UTF-8" standalone="yes" ?>
<test-results name="C:\projects.git\My-Exercism-Solutions\delphi\secret-handshake\SecretHandshake.exe" total="11" errors="0" failures="0" ignored="0" inconclusive="0" not-run="0" skipped="0" invalid="0" date="2018-01-15" time="0.002">
  <culture-info current-culture="en" current-uiculture="en" />
  <test-suite type="Assembly" name="SecretHandshake.exe" executed="true" result="Success" success="True" time="0.002" asserts="0">
    <results>
        <test-suite type="Namespace" name="uTestSecretHandshake" executed="true" result="Success" success="True" time="0.001" asserts="0" >
          <results>
              <test-suite type="Fixture" name="SecretHandshakeTest" executed="True" result="Success" success="True" time="0.001" >
                <results>
                  <test-case name="wink_for_1" executed="True" result="Success" success="True" time="0.000" asserts="0" />
                  <test-case name="double_blink_for_10" executed="True" result="Success" success="True" time="0.000" asserts="0" />
                  <test-case name="close_your_eyes_for_100" executed="True" result="Success" success="True" time="0.000" asserts="0" />
                  <test-case name="jump_for_1000" executed="True" result="Success" success="True" time="0.000" asserts="0" />
                  <test-case name="combine_two_actions" executed="True" result="Success" success="True" time="0.000" asserts="0" />
                  <test-case name="reverse_two_actions" executed="True" result="Success" success="True" time="0.000" asserts="0" />
                  <test-case name="reversing_one_action_gives_the_same_action" executed="True" result="Success" success="True" time="0.000" asserts="0" />
                  <test-case name="reversing_no_actions_still_gives_no_actions" executed="True" result="Success" success="True" time="0.000" asserts="0" />
                  <test-case name="all_possible_actions" executed="True" result="Success" success="True" time="0.000" asserts="0" />
                  <test-case name="reverse_all_possible_actions" executed="True" result="Success" success="True" time="0.000" asserts="0" />
                  <test-case name="do_nothing_for_zero" executed="True" result="Success" success="True" time="0.000" asserts="0" />
                </results>
              </test-suite>
          </results>
        </test-suite>
    </results>
  </test-suite>
</test-results>
