<?xml version="1.0" encoding="UTF-8" standalone="yes" ?>
<test-results name="C:\projects.git\exercism.projects\delphi\roman-numerals\RomanNumerals.exe" total="18" errors="0" failures="0" ignored="0" inconclusive="0" not-run="0" skipped="0" invalid="0" date="2017-04-08" time="0.002">
  <culture-info current-culture="en" current-uiculture="en" />
  <test-suite type="Assembly" name="RomanNumerals.exe" executed="true" result="Success" success="True" time="0.002" asserts="0">
    <results>
        <test-suite type="Namespace" name="uRomanNumeralsTest" executed="true" result="Success" success="True" time="0.002" asserts="0" >
          <results>
              <test-suite type="Fixture" name="RomanNumeralsTest" executed="True" result="Success" success="True" time="0.002" >
                <results>
                  <test-case name="One_is_a_single_I" executed="True" result="Success" success="True" time="0.000" asserts="0" />
                  <test-case name="Two_is_two_I_s" executed="True" result="Success" success="True" time="0.000" asserts="0" />
                  <test-case name="Three_is_three_I_s" executed="True" result="Success" success="True" time="0.000" asserts="0" />
                  <test-case name="Four_being_5_minus_1_is_IV" executed="True" result="Success" success="True" time="0.000" asserts="0" />
                  <test-case name="Five_is_a_single_V" executed="True" result="Success" success="True" time="0.000" asserts="0" />
                  <test-case name="Six_being_5_plus_1_is_VI" executed="True" result="Success" success="True" time="0.000" asserts="0" />
                  <test-case name="Nine_being_10_minus_1_is_IX" executed="True" result="Success" success="True" time="0.000" asserts="0" />
                  <test-case name="Twenty_is_two_X_s" executed="True" result="Success" success="True" time="0.000" asserts="0" />
                  <test-case name="Fourty_eight_is_not_50_minus_2_but_rather_40_plus_8" executed="True" result="Success" success="True" time="0.000" asserts="0" />
                  <test-case name="Fifty_is_a_single_L" executed="True" result="Success" success="True" time="0.000" asserts="0" />
                  <test-case name="Ninety_being_100_minus_10_is_XC" executed="True" result="Success" success="True" time="0.000" asserts="0" />
                  <test-case name="One_hundred_is_a_single_C" executed="True" result="Success" success="True" time="0.000" asserts="0" />
                  <test-case name="Sixety_being_50_plus_10_is_LX" executed="True" result="Success" success="True" time="0.000" asserts="0" />
                  <test-case name="Four_hundred_being_500_minus_100_is_CD" executed="True" result="Success" success="True" time="0.000" asserts="0" />
                  <test-case name="Five_hundred_is_a_single_D" executed="True" result="Success" success="True" time="0.000" asserts="0" />
                  <test-case name="Nine_hundred_being_1000_minus_100_is_CM" executed="True" result="Success" success="True" time="0.000" asserts="0" />
                  <test-case name="One_thousand_is_a_single_M" executed="True" result="Success" success="True" time="0.000" asserts="0" />
                  <test-case name="Three_thousand_is_three_M_s" executed="True" result="Success" success="True" time="0.000" asserts="0" />
                </results>
              </test-suite>
          </results>
        </test-suite>
    </results>
  </test-suite>
</test-results>
