<?xml version="1.0" encoding="UTF-8" standalone="yes" ?>
<test-results name="C:\projects.git\exercism.projects\delphi\etl\ETL.exe" total="5" errors="0" failures="0" ignored="0" inconclusive="0" not-run="0" skipped="0" invalid="0" date="2017-04-08" time="0.001">
  <culture-info current-culture="en" current-uiculture="en" />
  <test-suite type="Assembly" name="ETL.exe" executed="true" result="Success" success="True" time="0.001" asserts="0">
    <results>
        <test-suite type="Namespace" name="uETLtests" executed="true" result="Success" success="True" time="0.001" asserts="0" >
          <results>
              <test-suite type="Fixture" name="testETL" executed="True" result="Success" success="True" time="0.001" >
                <results>
                  <test-case name="Validate_CompareDictionaries" executed="True" result="Success" success="True" time="0.000" asserts="0" />
                  <test-case name="Transforms_one_value" executed="True" result="Success" success="True" time="0.001" asserts="0" />
                  <test-case name="Transforms_multiple_values" executed="True" result="Success" success="True" time="0.000" asserts="0" />
                  <test-case name="Transforms_multiple_keys" executed="True" result="Success" success="True" time="0.000" asserts="0" />
                  <test-case name="Transforms_a_full_dataset" executed="True" result="Success" success="True" time="0.000" asserts="0" />
                </results>
              </test-suite>
          </results>
        </test-suite>
    </results>
  </test-suite>
</test-results>
