<?xml version="1.0" encoding="UTF-8" standalone="yes" ?>
<test-results name="C:\projects.git\exercism.projects\delphi\allergies\Allergies.exe" total="10" errors="0" failures="0" ignored="0" inconclusive="0" not-run="0" skipped="0" invalid="0" date="2017-05-23" time="16.812">
  <culture-info current-culture="en" current-uiculture="en" />
  <test-suite type="Assembly" name="Allergies.exe" executed="true" result="Success" success="True" time="16.812" asserts="0">
    <results>
        <test-suite type="Namespace" name="uAllergyTests" executed="true" result="Success" success="True" time="16.811" asserts="0" >
          <results>
              <test-suite type="Fixture" name="AllergyTests" executed="True" result="Success" success="True" time="16.811" >
                <results>
                  <test-case name="No_allergies_means_not_allergic" executed="True" result="Success" success="True" time="11.403" asserts="0" />
                  <test-case name="Allergic_to_eggs" executed="True" result="Success" success="True" time="1.230" asserts="0" />
                  <test-case name="Allergic_to_eggs_in_addition_to_other_stuff" executed="True" result="Success" success="True" time="0.631" asserts="0" />
                  <test-case name="No_allergies_at_all" executed="True" result="Success" success="True" time="0.691" asserts="0" />
                  <test-case name="Allergic_to_just_eggs" executed="True" result="Success" success="True" time="0.481" asserts="0" />
                  <test-case name="Allergic_to_just_peanuts" executed="True" result="Success" success="True" time="0.451" asserts="0" />
                  <test-case name="Allergic_to_eggs_and_peanuts" executed="True" result="Success" success="True" time="0.481" asserts="0" />
                  <test-case name="Allergic_to_lots_of_stuff" executed="True" result="Success" success="True" time="0.421" asserts="0" />
                  <test-case name="Allergic_to_everything" executed="True" result="Success" success="True" time="0.481" asserts="0" />
                  <test-case name="Ignore_non_allergen_score_parts" executed="True" result="Success" success="True" time="0.541" asserts="0" />
                </results>
              </test-suite>
          </results>
        </test-suite>
    </results>
  </test-suite>
</test-results>
