<?xml version="1.0" encoding="UTF-8" standalone="yes" ?>
<test-results name="C:\projects.git\exercism.projects\delphi\leap\Leap.exe" total="7" errors="0" failures="0" ignored="0" inconclusive="0" not-run="0" skipped="0" invalid="0" date="2017-04-08" time="0.001">
  <culture-info current-culture="en" current-uiculture="en" />
  <test-suite type="Assembly" name="Leap.exe" executed="true" result="Success" success="True" time="0.001" asserts="0">
    <results>
        <test-suite type="Namespace" name="uLeapTests" executed="true" result="Success" success="True" time="0.001" asserts="0" >
          <results>
              <test-suite type="Fixture" name="YearTest" executed="True" result="Success" success="True" time="0.001" >
                <results>
                  <test-case name="test_leap_year" executed="True" result="Success" success="True" time="0.000" asserts="0" />
                  <test-case name="test_standard_and_odd_year" executed="True" result="Success" success="True" time="0.000" asserts="0" />
                  <test-case name="test_standard_even_year" executed="True" result="Success" success="True" time="0.000" asserts="0" />
                  <test-case name="test_standard_nineteenth_century" executed="True" result="Success" success="True" time="0.000" asserts="0" />
                  <test-case name="test_standard_eighteenth_century" executed="True" result="Success" success="True" time="0.000" asserts="0" />
                  <test-case name="test_leap_twenty_fourth_century" executed="True" result="Success" success="True" time="0.000" asserts="0" />
                  <test-case name="test_leap_y2k" executed="True" result="Success" success="True" time="0.000" asserts="0" />
                </results>
              </test-suite>
          </results>
        </test-suite>
    </results>
  </test-suite>
</test-results>
