<?xml version="1.0" encoding="UTF-8" standalone="yes" ?>
<test-results name="C:\projects.git\exercism.projects\delphi\book-store\BookStore.exe" total="12" errors="0" failures="0" ignored="0" inconclusive="0" not-run="0" skipped="0" invalid="0" date="2017-04-08" time="0.002">
  <culture-info current-culture="en" current-uiculture="en" />
  <test-suite type="Assembly" name="BookStore.exe" executed="true" result="Success" success="True" time="0.002" asserts="0">
    <results>
        <test-suite type="Namespace" name="uBookStoreTests" executed="true" result="Success" success="True" time="0.001" asserts="0" >
          <results>
              <test-suite type="Fixture" name="hpTests" executed="True" result="Success" success="True" time="0.001" >
                <results>
                  <test-case name="A_basket_containing_only_a_single_book" executed="True" result="Success" success="True" time="0.000" asserts="0" />
                  <test-case name="A_basket_containing_only_two_of_the_same_book" executed="True" result="Success" success="True" time="0.000" asserts="0" />
                  <test-case name="No_charge_to_carry_around_an_empty_basket" executed="True" result="Success" success="True" time="0.000" asserts="0" />
                  <test-case name="A_basket_containing_only_two_different_books" executed="True" result="Success" success="True" time="0.000" asserts="0" />
                  <test-case name="A_basket_with_three_different_books" executed="True" result="Success" success="True" time="0.000" asserts="0" />
                  <test-case name="A_basket_with_four_different_books" executed="True" result="Success" success="True" time="0.000" asserts="0" />
                  <test-case name="A_basket_with_five_different_books" executed="True" result="Success" success="True" time="0.000" asserts="0" />
                  <test-case name="A_basket_containing_eight_books_consisting_of_a_pair_each_of_the_first_three_books_plus_one_copy_each_of_the_last_two_books" executed="True" result="Success" success="True" time="0.000" asserts="0" />
                  <test-case name="A_basket_containing_nine_books_consisting_of_a_pair_each_of_the_first_four_books_plus_one_of_the_last_book" executed="True" result="Success" success="True" time="0.000" asserts="0" />
                  <test-case name="A_basket_containing_ten_books_consisting_of_two_copies_of_each_book_in_the_series" executed="True" result="Success" success="True" time="0.000" asserts="0" />
                  <test-case name="A_basket_containing_eleven_books_consisting_of_three_copies_of_the_first_book_plus_two_each_of_the_remaing_four_bookes_in_the_series" executed="True" result="Success" success="True" time="0.000" asserts="0" />
                  <test-case name="A_basket_containing_twelve_books_consisting_of_three_copies_of_the_first_two_books_plus_two_each_of_the_remaining_three_books_in_the_series" executed="True" result="Success" success="True" time="0.000" asserts="0" />
                </results>
              </test-suite>
          </results>
        </test-suite>
    </results>
  </test-suite>
</test-results>
